<?xml version="1.0" encoding="UTF-8"?>
<robot generator="Robot 4.0 (Python 3.8.1 on darwin)" generated="20210614 15:57:38.609" rpa="false" schemaversion="2">
<suite id="s1" name="Suites">
<suite id="s1-s1" name="UserViewLiveStream" source="/Users/alexo/live.eventhive-automation/test/UserViewLiveStream.robot">
<test id="s1-s1-t1" name="User login in EventHive View Live Stream Page">
<kw name="Open Browser" library="SeleniumLibrary">
<arg>${url} ${Browser}</arg>
<doc>Opens a new browser instance to the optional ``url``.</doc>
<msg timestamp="20210614 15:57:38.990" level="INFO">Opening browser 'firefox' to base url 'https://staging.vx.eventhive.com/demo-event/login headlesschrome'.</msg>
<msg timestamp="20210614 15:57:38.991" level="INFO">Firefox driver log is always forced to to: /Users/alexo/live.eventhive-automation/pabot_results/0/geckodriver-1.log</msg>
<status status="PASS" starttime="20210614 15:57:38.989" endtime="20210614 15:57:46.753"/>
</kw>
<kw name="Set Selenium Implicit Wait" library="SeleniumLibrary">
<arg>10s</arg>
<doc>Sets the implicit wait value used by Selenium.</doc>
<status status="PASS" starttime="20210614 15:57:46.754" endtime="20210614 15:57:46.790"/>
</kw>
<kw name="Input Text" library="SeleniumLibrary">
<arg>id=email</arg>
<arg>guest1.demo@eventhive.dev</arg>
<doc>Types the given ``text`` into the text field identified by ``locator``.</doc>
<msg timestamp="20210614 15:57:46.792" level="INFO">Typing text 'guest1.demo@eventhive.dev' into text field 'id=email'.</msg>
<status status="PASS" starttime="20210614 15:57:46.791" endtime="20210614 15:57:47.104"/>
</kw>
<kw name="Input Password" library="SeleniumLibrary">
<arg>id=password</arg>
<arg>password</arg>
<doc>Types the given password into the text field identified by ``locator``.</doc>
<msg timestamp="20210614 15:57:47.105" level="INFO">Typing password into text field 'id=password'.</msg>
<msg timestamp="20210614 15:57:47.118" level="INFO">Temporally setting log level to: NONE</msg>
<msg timestamp="20210614 15:57:47.137" level="INFO">Log level changed from NONE to INFO.</msg>
<status status="PASS" starttime="20210614 15:57:47.104" endtime="20210614 15:57:47.137"/>
</kw>
<kw name="Click Element" library="SeleniumLibrary">
<arg>class:onboarding-form__next-button</arg>
<doc>Click the element identified by ``locator``.</doc>
<msg timestamp="20210614 15:57:47.140" level="INFO">Clicking element 'class:onboarding-form__next-button'.</msg>
<status status="PASS" starttime="20210614 15:57:47.138" endtime="20210614 15:57:48.947"/>
</kw>
<kw name="Set Selenium Implicit Wait" library="SeleniumLibrary">
<arg>20s</arg>
<doc>Sets the implicit wait value used by Selenium.</doc>
<status status="PASS" starttime="20210614 15:57:48.947" endtime="20210614 15:57:48.952"/>
</kw>
<kw name="Click Element" library="SeleniumLibrary">
<arg>xpath:/html/body/div[1]/div[1]/div[2]/div/a</arg>
<doc>Click the element identified by ``locator``.</doc>
<msg timestamp="20210614 15:57:48.954" level="INFO">Clicking element 'xpath:/html/body/div[1]/div[1]/div[2]/div/a'.</msg>
<status status="PASS" starttime="20210614 15:57:48.953" endtime="20210614 15:57:50.483"/>
</kw>
<kw name="Wait Until Page Contains" library="SeleniumLibrary">
<arg>There is no stream currently</arg>
<doc>Waits until ``text`` appears on the current page.</doc>
<status status="PASS" starttime="20210614 15:57:50.484" endtime="20210614 15:57:50.549"/>
</kw>
<kw name="Set Selenium Implicit Wait" library="SeleniumLibrary">
<arg>10s</arg>
<doc>Sets the implicit wait value used by Selenium.</doc>
<status status="PASS" starttime="20210614 15:57:50.549" endtime="20210614 15:57:50.555"/>
</kw>
<kw name="Click Element" library="SeleniumLibrary">
<arg>xpath://*[@id="frame"]/div[1]/div[1]/div[2]/a[3]</arg>
<doc>Click the element identified by ``locator``.</doc>
<msg timestamp="20210614 15:57:50.556" level="INFO">Clicking element 'xpath://*[@id="frame"]/div[1]/div[1]/div[2]/a[3]'.</msg>
<status status="PASS" starttime="20210614 15:57:50.556" endtime="20210614 15:57:50.798"/>
</kw>
<kw name="Execute Javascript" library="SeleniumLibrary">
<arg>window.scroll(0,500)</arg>
<doc>Executes the given JavaScript code with possible arguments.</doc>
<msg timestamp="20210614 15:57:50.800" level="INFO">Executing JavaScript:
window.scroll(0,500)
Without any arguments.</msg>
<status status="PASS" starttime="20210614 15:57:50.798" endtime="20210614 15:57:50.847"/>
</kw>
<kw name="Click Element" library="SeleniumLibrary">
<arg>class=settings-form__button-logout</arg>
<doc>Click the element identified by ``locator``.</doc>
<msg timestamp="20210614 15:57:50.848" level="INFO">Clicking element 'class=settings-form__button-logout'.</msg>
<status status="PASS" starttime="20210614 15:57:50.847" endtime="20210614 15:57:51.757"/>
</kw>
<doc>Eventhive VX user login and view livestream page</doc>
<tag>Smoke</tag>
<status status="PASS" starttime="20210614 15:57:38.988" endtime="20210614 15:57:51.758"/>
</test>
<kw name="Close All Browsers" library="SeleniumLibrary" type="TEARDOWN">
<doc>Closes all open browsers and resets the browser cache.</doc>
<status status="PASS" starttime="20210614 15:57:51.760" endtime="20210614 15:57:53.639"/>
</kw>
<doc>Eventhive VX user view live stream</doc>
<status status="PASS" starttime="20210614 15:57:38.661" endtime="20210614 15:57:53.639"/>
</suite>
<status status="PASS" starttime="20210614 15:57:38.624" endtime="20210614 15:57:53.644"/>
</suite>
<statistics>
<total>
<stat pass="1" fail="0" skip="0">All Tests</stat>
</total>
<tag>
<stat pass="1" fail="0" skip="0">Smoke</stat>
</tag>
<suite>
<stat pass="1" fail="0" skip="0" id="s1" name="Suites">Suites</stat>
<stat pass="1" fail="0" skip="0" id="s1-s1" name="UserViewLiveStream">Suites.UserViewLiveStream</stat>
</suite>
</statistics>
<errors>
</errors>
</robot>
