<?xml version="1.0" encoding="UTF-8"?>
<robot generator="Robot 4.0 (Python 3.8.1 on darwin)" generated="20210608 15:16:49.093" rpa="false" schemaversion="2">
<suite id="s1" name="Userlogin" source="/Users/alexo/live.eventhive-automation/test/Userlogin.robot">
<test id="s1-t1" name="User login in EventHive event page">
<kw name="Open Browser" library="SeleniumLibrary">
<arg>https://staging.vx.eventhive.com/demo-event/login firefox</arg>
<doc>Opens a new browser instance to the optional ``url``.</doc>
<msg timestamp="20210608 15:16:49.655" level="INFO">Opening browser 'firefox' to base url 'https://staging.vx.eventhive.com/demo-event/login firefox'.</msg>
<msg timestamp="20210608 15:16:49.657" level="INFO">Firefox driver log is always forced to to: /Users/alexo/live.eventhive-automation/results/geckodriver-4.log</msg>
<kw name="Capture Page Screenshot" library="SeleniumLibrary">
<doc>Takes a screenshot of the current page and embeds it into a log file.</doc>
<msg timestamp="20210608 15:16:49.662" level="INFO">Cannot capture screenshot because no browser is open.</msg>
<status status="PASS" starttime="20210608 15:16:49.661" endtime="20210608 15:16:49.662"/>
</kw>
<msg timestamp="20210608 15:16:49.670" level="FAIL">WebDriverException: Message: 'geckodriver' executable needs to be in PATH. 
</msg>
<status status="FAIL" starttime="20210608 15:16:49.654" endtime="20210608 15:16:49.670"/>
</kw>
<kw name="maximize browser">
<status status="NOT RUN" starttime="20210608 15:16:49.677" endtime="20210608 15:16:49.677"/>
</kw>
<doc>Eventhive VX event page user login</doc>
<tag>Smoke</tag>
<status status="FAIL" starttime="20210608 15:16:49.652" endtime="20210608 15:16:49.678">WebDriverException: Message: 'geckodriver' executable needs to be in PATH. 
</status>
</test>
<doc>Eventhive VX event page user login</doc>
<status status="FAIL" starttime="20210608 15:16:49.096" endtime="20210608 15:16:49.680"/>
</suite>
<statistics>
<total>
<stat pass="0" fail="1" skip="0">All Tests</stat>
</total>
<tag>
<stat pass="0" fail="1" skip="0">Smoke</stat>
</tag>
<suite>
<stat pass="0" fail="1" skip="0" id="s1" name="Userlogin">Userlogin</stat>
</suite>
</statistics>
<errors>
</errors>
</robot>
