<?xml version="1.0" encoding="UTF-8"?>
<robot generator="Robot 4.0 (Python 3.8.1 on darwin)" generated="20210609 10:22:31.757" rpa="false" schemaversion="2">
<suite id="s1" name="Userlogin" source="/Users/alexo/live.eventhive-automation/test/Userlogin.robot">
<test id="s1-t1" name="User login in EventHive event page">
<kw name="Open Browser" library="SeleniumLibrary">
<arg>https://staging.vx.eventhive.com/demo-event/login firefox</arg>
<doc>Opens a new browser instance to the optional ``url``.</doc>
<msg timestamp="20210609 10:22:33.040" level="INFO">Opening browser 'firefox' to base url 'https://staging.vx.eventhive.com/demo-event/login firefox'.</msg>
<msg timestamp="20210609 10:22:33.052" level="INFO">Firefox driver log is always forced to to: /Users/alexo/live.eventhive-automation/results/geckodriver-17.log</msg>
<status status="PASS" starttime="20210609 10:22:33.038" endtime="20210609 10:22:43.054"/>
</kw>
<kw name="Set Selenium Implicit Wait" library="SeleniumLibrary">
<arg>5s</arg>
<doc>Sets the implicit wait value used by Selenium.</doc>
<status status="PASS" starttime="20210609 10:22:43.055" endtime="20210609 10:22:43.095"/>
</kw>
<kw name="Input Text" library="SeleniumLibrary">
<arg>id=email</arg>
<arg>guest1.demo@eventhive.dev</arg>
<doc>Types the given ``text`` into the text field identified by ``locator``.</doc>
<msg timestamp="20210609 10:22:43.097" level="INFO">Typing text 'guest1.demo@eventhive.dev' into text field 'id=email'.</msg>
<status status="PASS" starttime="20210609 10:22:43.096" endtime="20210609 10:22:43.218"/>
</kw>
<kw name="Input Password" library="SeleniumLibrary">
<arg>id=password</arg>
<arg>password</arg>
<doc>Types the given password into the text field identified by ``locator``.</doc>
<msg timestamp="20210609 10:22:43.222" level="INFO">Typing password into text field 'id=password'.</msg>
<msg timestamp="20210609 10:22:43.247" level="INFO">Temporally setting log level to: NONE</msg>
<msg timestamp="20210609 10:22:43.281" level="INFO">Log level changed from NONE to INFO.</msg>
<status status="PASS" starttime="20210609 10:22:43.220" endtime="20210609 10:22:43.281"/>
</kw>
<kw name="Click Element" library="SeleniumLibrary">
<arg>class:onboarding-form__next-button</arg>
<doc>Click the element identified by ``locator``.</doc>
<msg timestamp="20210609 10:22:43.283" level="INFO">Clicking element 'class:onboarding-form__next-button'.</msg>
<status status="PASS" starttime="20210609 10:22:43.282" endtime="20210609 10:22:45.257"/>
</kw>
<kw name="Set Selenium Implicit Wait" library="SeleniumLibrary">
<arg>15s</arg>
<doc>Sets the implicit wait value used by Selenium.</doc>
<status status="PASS" starttime="20210609 10:22:45.257" endtime="20210609 10:22:45.276"/>
</kw>
<kw name="Close Browser" library="SeleniumLibrary">
<doc>Closes the current browser.</doc>
<status status="PASS" starttime="20210609 10:22:45.276" endtime="20210609 10:22:47.363"/>
</kw>
<doc>Eventhive VX event page user login</doc>
<tag>Smoke</tag>
<status status="PASS" starttime="20210609 10:22:33.036" endtime="20210609 10:22:47.364"/>
</test>
<doc>Eventhive VX event page user login</doc>
<status status="PASS" starttime="20210609 10:22:31.767" endtime="20210609 10:22:47.367"/>
</suite>
<statistics>
<total>
<stat pass="1" fail="0" skip="0">All Tests</stat>
</total>
<tag>
<stat pass="1" fail="0" skip="0">Smoke</stat>
</tag>
<suite>
<stat pass="1" fail="0" skip="0" id="s1" name="Userlogin">Userlogin</stat>
</suite>
</statistics>
<errors>
</errors>
</robot>
