<?xml version="1.0" encoding="UTF-8"?>
<robot generator="Robot 4.0 (Python 3.8.1 on darwin)" generated="20210614 08:42:17.149" rpa="false" schemaversion="2">
<suite id="s1" name="Userlogin" source="/Users/alexo/live.eventhive-automation/test/Userlogin.robot">
<test id="s1-t1" name="User login in EventHive event page">
<kw name="Open Browser" library="SeleniumLibrary">
<arg>${URL} ${BROWSER}</arg>
<doc>Opens a new browser instance to the optional ``url``.</doc>
<msg timestamp="20210614 08:42:17.580" level="INFO">Opening browser 'firefox' to base url 'https://staging.vx.eventhive.com/demo-event/login chrome'.</msg>
<msg timestamp="20210614 08:42:17.589" level="INFO">Firefox driver log is always forced to to: /Users/alexo/live.eventhive-automation/results/geckodriver-1.log</msg>
<status status="PASS" starttime="20210614 08:42:17.579" endtime="20210614 08:42:30.375"/>
</kw>
<kw name="Set Selenium Implicit Wait" library="SeleniumLibrary">
<arg>10s</arg>
<doc>Sets the implicit wait value used by Selenium.</doc>
<status status="PASS" starttime="20210614 08:42:30.377" endtime="20210614 08:42:30.397"/>
</kw>
<kw name="Input Text" library="SeleniumLibrary">
<arg>id=email</arg>
<arg>guest1.demo@eventhive.dev</arg>
<doc>Types the given ``text`` into the text field identified by ``locator``.</doc>
<msg timestamp="20210614 08:42:30.399" level="INFO">Typing text 'guest1.demo@eventhive.dev' into text field 'id=email'.</msg>
<status status="PASS" starttime="20210614 08:42:30.398" endtime="20210614 08:42:30.489"/>
</kw>
<kw name="Input Password" library="SeleniumLibrary">
<arg>id=password</arg>
<arg>password</arg>
<doc>Types the given password into the text field identified by ``locator``.</doc>
<msg timestamp="20210614 08:42:30.490" level="INFO">Typing password into text field 'id=password'.</msg>
<msg timestamp="20210614 08:42:30.510" level="INFO">Temporally setting log level to: NONE</msg>
<msg timestamp="20210614 08:42:30.534" level="INFO">Log level changed from NONE to INFO.</msg>
<status status="PASS" starttime="20210614 08:42:30.489" endtime="20210614 08:42:30.535"/>
</kw>
<kw name="Click Element" library="SeleniumLibrary">
<arg>class:onboarding-form__next-button</arg>
<doc>Click the element identified by ``locator``.</doc>
<msg timestamp="20210614 08:42:30.536" level="INFO">Clicking element 'class:onboarding-form__next-button'.</msg>
<status status="PASS" starttime="20210614 08:42:30.535" endtime="20210614 08:42:31.722"/>
</kw>
<kw name="Wait Until Page Contains" library="SeleniumLibrary">
<arg>Currently no event scheduled</arg>
<doc>Waits until ``text`` appears on the current page.</doc>
<status status="PASS" starttime="20210614 08:42:31.723" endtime="20210614 08:42:32.708"/>
</kw>
<kw name="Set Selenium Implicit Wait" library="SeleniumLibrary">
<arg>15s</arg>
<doc>Sets the implicit wait value used by Selenium.</doc>
<status status="PASS" starttime="20210614 08:42:32.709" endtime="20210614 08:42:32.715"/>
</kw>
<kw name="Click Element" library="SeleniumLibrary">
<arg>xpath://*[@id="frame"]/div[1]/div[1]/div[2]/a[3]</arg>
<doc>Click the element identified by ``locator``.</doc>
<msg timestamp="20210614 08:42:32.716" level="INFO">Clicking element 'xpath://*[@id="frame"]/div[1]/div[1]/div[2]/a[3]'.</msg>
<status status="PASS" starttime="20210614 08:42:32.716" endtime="20210614 08:42:32.962"/>
</kw>
<kw name="Execute Javascript" library="SeleniumLibrary">
<arg>window.scroll(0,500)</arg>
<doc>Executes the given JavaScript code with possible arguments.</doc>
<msg timestamp="20210614 08:42:32.963" level="INFO">Executing JavaScript:
window.scroll(0,500)
Without any arguments.</msg>
<status status="PASS" starttime="20210614 08:42:32.962" endtime="20210614 08:42:32.972"/>
</kw>
<kw name="Click Element" library="SeleniumLibrary">
<arg>class=settings-form__button-logout</arg>
<doc>Click the element identified by ``locator``.</doc>
<msg timestamp="20210614 08:42:32.974" level="INFO">Clicking element 'class=settings-form__button-logout'.</msg>
<status status="PASS" starttime="20210614 08:42:32.973" endtime="20210614 08:42:33.602"/>
</kw>
<doc>Eventhive VX event page user login</doc>
<tag>Smoke</tag>
<status status="PASS" starttime="20210614 08:42:17.568" endtime="20210614 08:42:33.603"/>
</test>
<test id="s1-t2" name="Invalid Login invalid">
<kw name="Open Browser" library="SeleniumLibrary">
<arg>${URL} ${BROWSER}</arg>
<doc>Opens a new browser instance to the optional ``url``.</doc>
<msg timestamp="20210614 08:42:33.607" level="INFO">Opening browser 'firefox' to base url 'https://staging.vx.eventhive.com/demo-event/login chrome'.</msg>
<msg timestamp="20210614 08:42:33.610" level="INFO">Firefox driver log is always forced to to: /Users/alexo/live.eventhive-automation/results/geckodriver-2.log</msg>
<status status="PASS" starttime="20210614 08:42:33.606" endtime="20210614 08:42:37.914"/>
</kw>
<kw name="Set Selenium Implicit Wait" library="SeleniumLibrary">
<arg>5s</arg>
<doc>Sets the implicit wait value used by Selenium.</doc>
<status status="PASS" starttime="20210614 08:42:37.917" endtime="20210614 08:42:37.940"/>
</kw>
<kw name="Input Text" library="SeleniumLibrary">
<arg>id=email</arg>
<arg>guest1.demo@eventhive.dev</arg>
<doc>Types the given ``text`` into the text field identified by ``locator``.</doc>
<msg timestamp="20210614 08:42:37.941" level="INFO">Typing text 'guest1.demo@eventhive.dev' into text field 'id=email'.</msg>
<status status="PASS" starttime="20210614 08:42:37.940" endtime="20210614 08:42:38.063"/>
</kw>
<kw name="Input Password" library="SeleniumLibrary">
<arg>id=password</arg>
<arg>${password}</arg>
<doc>Types the given password into the text field identified by ``locator``.</doc>
<msg timestamp="20210614 08:42:38.064" level="INFO">Typing password into text field 'id=password'.</msg>
<msg timestamp="20210614 08:42:38.079" level="INFO">Temporally setting log level to: NONE</msg>
<msg timestamp="20210614 08:42:38.097" level="INFO">Log level changed from NONE to INFO.</msg>
<status status="PASS" starttime="20210614 08:42:38.063" endtime="20210614 08:42:38.097"/>
</kw>
<kw name="Click Element" library="SeleniumLibrary">
<arg>class:onboarding-form__next-button</arg>
<doc>Click the element identified by ``locator``.</doc>
<msg timestamp="20210614 08:42:38.099" level="INFO">Clicking element 'class:onboarding-form__next-button'.</msg>
<status status="PASS" starttime="20210614 08:42:38.098" endtime="20210614 08:42:38.718"/>
</kw>
<kw name="Run Keyword If" library="BuiltIn">
<arg>'${password}' ==</arg>
<arg>'FAIL'</arg>
<arg>Log ${error}</arg>
<doc>Runs the given keyword with the given arguments, if ``condition`` is true.</doc>
<msg timestamp="20210614 08:42:38.721" level="FAIL">Evaluating expression ''password!' ==' failed: SyntaxError: unexpected EOF while parsing (&lt;string&gt;, line 1)</msg>
<status status="FAIL" starttime="20210614 08:42:38.719" endtime="20210614 08:42:38.721"/>
</kw>
<kw name="Set Selenium Implicit Wait" library="SeleniumLibrary">
<arg>10s</arg>
<doc>Sets the implicit wait value used by Selenium.</doc>
<status status="NOT RUN" starttime="20210614 08:42:38.722" endtime="20210614 08:42:38.722"/>
</kw>
<status status="FAIL" starttime="20210614 08:42:33.604" endtime="20210614 08:42:38.722">Evaluating expression ''password!' ==' failed: SyntaxError: unexpected EOF while parsing (&lt;string&gt;, line 1)</status>
</test>
<kw name="Close All Browsers" library="SeleniumLibrary" type="TEARDOWN">
<doc>Closes all open browsers and resets the browser cache.</doc>
<status status="PASS" starttime="20210614 08:42:38.724" endtime="20210614 08:42:40.171"/>
</kw>
<doc>Eventhive VX event page user login</doc>
<status status="FAIL" starttime="20210614 08:42:17.152" endtime="20210614 08:42:40.171"/>
</suite>
<statistics>
<total>
<stat pass="1" fail="1" skip="0">All Tests</stat>
</total>
<tag>
<stat pass="1" fail="0" skip="0">Smoke</stat>
</tag>
<suite>
<stat pass="1" fail="1" skip="0" id="s1" name="Userlogin">Userlogin</stat>
</suite>
</statistics>
<errors>
</errors>
</robot>
